# JRE version: Java(TM) SE Runtime Environment (8.0_25-b17) (build 1.8.0_25-b17)
# Java VM: Java HotSpot(TM) 64-Bit Server VM (25.25-b02 mixed mode bsd-amd64 compressed oops)
Heap:
 PSYoungGen      total 44032K, used 17086K [0x0000000795580000, 0x0000000799800000, 0x00000007c0000000)
  eden space 28672K, 11% used [0x0000000795580000,0x00000007958ab2d8,0x0000000797180000)
  from space 15360K, 90% used [0x0000000798380000,0x00000007991047c0,0x0000000799280000)
  to   space 18432K, 0% used [0x0000000797180000,0x0000000797180000,0x0000000798380000)
 ParOldGen       total 50688K, used 22767K [0x0000000740000000, 0x0000000743180000, 0x0000000795580000)
  object space 50688K, 44% used [0x0000000740000000,0x000000074163bd48,0x0000000743180000)
 Metaspace       used 11940K, capacity 12120K, committed 12288K, reserved 1060864K
  class space    used 1415K, capacity 1457K, committed 1536K, reserved 1048576K
GC Heap History (10 events):
Event: 61.010 GC heap before
{Heap before GC invocations=8 (full 3):
 PSYoungGen      total 37888K, used 37864K [0x0000000795580000, 0x0000000798e80000, 0x00000007c0000000)
  eden space 32768K, 100% used [0x0000000795580000,0x0000000797580000,0x0000000797580000)
  from space 5120K, 99% used [0x0000000797600000,0x0000000797afa020,0x0000000797b00000)
  to   space 12800K, 0% used [0x0000000798200000,0x0000000798200000,0x0000000798e80000)
 ParOldGen       total 53760K, used 52770K [0x0000000740000000, 0x0000000743480000, 0x0000000795580000)
  object space 53760K, 98% used [0x0000000740000000,0x0000000743388820,0x0000000743480000)
 Metaspace       used 10747K, capacity 10922K, committed 11136K, reserved 1058816K
  class space    used 1262K, capacity 1296K, committed 1408K, reserved 1048576K
Event: 61.054 GC heap after
Heap after GC invocations=8 (full 3):
 PSYoungGen      total 37888K, used 0K [0x0000000795580000, 0x0000000798e80000, 0x00000007c0000000)
  eden space 32768K, 0% used [0x0000000795580000,0x0000000795580000,0x0000000797580000)
  from space 5120K, 0% used [0x0000000797600000,0x0000000797600000,0x0000000797b00000)
  to   space 12800K, 0% used [0x0000000798200000,0x0000000798200000,0x0000000798e80000)
 ParOldGen       total 50688K, used 10133K [0x0000000740000000, 0x0000000743180000, 0x0000000795580000)
  object space 50688K, 19% used [0x0000000740000000,0x00000007409e57e8,0x0000000743180000)
 Metaspace       used 10747K, capacity 10922K, committed 11136K, reserved 1058816K
  class space    used 1262K, capacity 1296K, committed 1408K, reserved 1048576K
}
Event: 69.393 GC heap before
{Heap before GC invocations=9 (full 4):
 PSYoungGen      total 37888K, used 32768K [0x0000000795580000, 0x0000000798e80000, 0x00000007c0000000)
  eden space 32768K, 100% used [0x0000000795580000,0x0000000797580000,0x0000000797580000)
  from space 5120K, 0% used [0x0000000797600000,0x0000000797600000,0x0000000797b00000)
  to   space 12800K, 0% used [0x0000000798200000,0x0000000798200000,0x0000000798e80000)
 ParOldGen       total 71168K, used 70139K [0x0000000740000000, 0x0000000744580000, 0x0000000795580000)
  object space 71168K, 98% used [0x0000000740000000,0x000000074447ecb8,0x0000000744580000)
 Metaspace       used 10748K, capacity 10922K, committed 11136K, reserved 1058816K
  class space    used 1262K, capacity 1296K, committed 1408K, reserved 1048576K
Event: 69.422 GC heap after
Heap after GC invocations=9 (full 4):
 PSYoungGen      total 37888K, used 0K [0x0000000795580000, 0x0000000798e80000, 0x00000007c0000000)
  eden space 32768K, 0% used [0x0000000795580000,0x0000000795580000,0x0000000797580000)
  from space 5120K, 0% used [0x0000000797600000,0x0000000797600000,0x0000000797b00000)
  to   space 12800K, 0% used [0x0000000798200000,0x0000000798200000,0x0000000798e80000)
 ParOldGen       total 50688K, used 10249K [0x0000000740000000, 0x0000000743180000, 0x0000000795580000)
  object space 50688K, 20% used [0x0000000740000000,0x0000000740a02708,0x0000000743180000)
 Metaspace       used 10748K, capacity 10922K, committed 11136K, reserved 1058816K
  class space    used 1262K, capacity 1296K, committed 1408K, reserved 1048576K
}
Event: 106.767 GC heap before
{Heap before GC invocations=10 (full 4):
 PSYoungGen      total 37888K, used 32768K [0x0000000795580000, 0x0000000798e80000, 0x00000007c0000000)
  eden space 32768K, 100% used [0x0000000795580000,0x0000000797580000,0x0000000797580000)
  from space 5120K, 0% used [0x0000000797600000,0x0000000797600000,0x0000000797b00000)
  to   space 12800K, 0% used [0x0000000798200000,0x0000000798200000,0x0000000798e80000)
 ParOldGen       total 50688K, used 10251K [0x0000000740000000, 0x0000000743180000, 0x0000000795580000)
  object space 50688K, 20% used [0x0000000740000000,0x0000000740a02cf8,0x0000000743180000)
 Metaspace       used 11309K, capacity 11480K, committed 11648K, reserved 1058816K
  class space    used 1362K, capacity 1393K, committed 1408K, reserved 1048576K
Event: 106.769 GC heap after
Heap after GC invocations=10 (full 4):
 PSYoungGen      total 43520K, used 327K [0x0000000795580000, 0x0000000798d00000, 0x00000007c0000000)
  eden space 32256K, 0% used [0x0000000795580000,0x0000000795580000,0x0000000797500000)
  from space 11264K, 2% used [0x0000000798200000,0x0000000798251cd0,0x0000000798d00000)
  to   space 12288K, 0% used [0x0000000797500000,0x0000000797500000,0x0000000798100000)
 ParOldGen       total 50688K, used 10251K [0x0000000740000000, 0x0000000743180000, 0x0000000795580000)
  object space 50688K, 20% used [0x0000000740000000,0x0000000740a02cf8,0x0000000743180000)
 Metaspace       used 11309K, capacity 11480K, committed 11648K, reserved 1058816K
  class space    used 1362K, capacity 1393K, committed 1408K, reserved 1048576K
}
Event: 53608.491 GC heap before
{Heap before GC invocations=11 (full 4):
 PSYoungGen      total 43520K, used 31449K [0x0000000795580000, 0x0000000798d00000, 0x00000007c0000000)
  eden space 32256K, 96% used [0x0000000795580000,0x00000007973e4890,0x0000000797500000)
  from space 11264K, 2% used [0x0000000798200000,0x0000000798251cd0,0x0000000798d00000)
  to   space 12288K, 0% used [0x0000000797500000,0x0000000797500000,0x0000000798100000)
 ParOldGen       total 50688K, used 10251K [0x0000000740000000, 0x0000000743180000, 0x0000000795580000)
  object space 50688K, 20% used [0x0000000740000000,0x0000000740a02cf8,0x0000000743180000)
 Metaspace       used 11822K, capacity 11992K, committed 12288K, reserved 1060864K
  class space    used 1413K, capacity 1457K, committed 1536K, reserved 1048576K
Event: 53608.866 GC heap after
Heap after GC invocations=11 (full 4):
 PSYoungGen      total 44032K, used 11550K [0x0000000795580000, 0x0000000799280000, 0x00000007c0000000)
  eden space 31744K, 0% used [0x0000000795580000,0x0000000795580000,0x0000000797480000)
  from space 12288K, 93% used [0x0000000797500000,0x0000000798047a70,0x0000000798100000)
  to   space 15360K, 0% used [0x0000000798380000,0x0000000798380000,0x0000000799280000)
 ParOldGen       total 50688K, used 15259K [0x0000000740000000, 0x0000000743180000, 0x0000000795580000)
  object space 50688K, 30% used [0x0000000740000000,0x0000000740ee6d18,0x0000000743180000)
 Metaspace       used 11822K, capacity 11992K, committed 12288K, reserved 1060864K
  class space    used 1413K, capacity 1457K, committed 1536K, reserved 1048576K
}
Event: 191630.374 GC heap before
{Heap before GC invocations=12 (full 4):
 PSYoungGen      total 44032K, used 41289K [0x0000000795580000, 0x0000000799280000, 0x00000007c0000000)
  eden space 31744K, 93% used [0x0000000795580000,0x000000079728aad8,0x0000000797480000)
  from space 12288K, 93% used [0x0000000797500000,0x0000000798047a70,0x0000000798100000)
  to   space 15360K, 0% used [0x0000000798380000,0x0000000798380000,0x0000000799280000)
 ParOldGen       total 50688K, used 15259K [0x0000000740000000, 0x0000000743180000, 0x0000000795580000)
  object space 50688K, 30% used [0x0000000740000000,0x0000000740ee6d18,0x0000000743180000)
 Metaspace       used 11940K, capacity 12120K, committed 12288K, reserved 1060864K
  class space    used 1415K, capacity 1457K, committed 1536K, reserved 1048576K
Event: 191631.317 GC heap after
Heap after GC invocations=12 (full 4):
 PSYoungGen      total 44032K, used 13841K [0x0000000795580000, 0x0000000799800000, 0x00000007c0000000)
  eden space 28672K, 0% used [0x0000000795580000,0x0000000795580000,0x0000000797180000)
  from space 15360K, 90% used [0x0000000798380000,0x00000007991047c0,0x0000000799280000)
  to   space 18432K, 0% used [0x0000000797180000,0x0000000797180000,0x0000000798380000)
 ParOldGen       total 50688K, used 22767K [0x0000000740000000, 0x0000000743180000, 0x0000000795580000)
  object space 50688K, 44% used [0x0000000740000000,0x000000074163bd48,0x0000000743180000)
 Metaspace       used 11940K, capacity 12120K, committed 12288K, reserved 1060864K
  class space    used 1415K, capacity 1457K, committed 1536K, reserved 1048576K
}

